<?xml version="1.0" encoding="UTF-8"?>
<!-- Generated by org.testng.reporters.JUnitReportReporter -->
<testsuite hostname="IN-PG02NKK7" failures="0" tests="1" name="flipkart.testcases.pressBtn_Test" time="20.575" errors="0" timestamp="2023-01-05T19:38:27 IST" skipped="0">
  <testcase classname="flipkart.testcases.pressBtn_Test" name="pressbtn" time="20.575"/>
  <system-out/>
</testsuite> <!-- flipkart.testcases.pressBtn_Test -->
