<?xml version="1.0" encoding="UTF-8"?>
<!-- Generated by org.testng.reporters.JUnitReportReporter -->
<testsuite hostname="IN-PG02NKK7" failures="0" tests="1" name="flipkart.testcases.seller_faqs__Test" time="7.553" errors="0" timestamp="2023-01-09T13:52:40 IST" skipped="0">
  <testcase classname="flipkart.testcases.seller_faqs__Test" name="sellerfaqs" time="7.553"/>
  <system-out/>
</testsuite> <!-- flipkart.testcases.seller_faqs__Test -->
