<?xml version="1.0" encoding="UTF-8"?>
<!-- Generated by org.testng.reporters.JUnitReportReporter -->
<testsuite hostname="IN-PG02NKK7" failures="0" tests="1" name="flipkart.testcases.flipkart_login_Test" time="0.896" errors="0" timestamp="2023-01-05T22:56:50 IST" skipped="0">
  <testcase classname="flipkart.testcases.flipkart_login_Test" name="loginFunction" time="0.896"/>
  <system-out/>
</testsuite> <!-- flipkart.testcases.flipkart_login_Test -->
