<?xml version="1.0" encoding="UTF-8"?>
<!-- Generated by org.testng.reporters.JUnitReportReporter -->
<testsuite hostname="IN-PG02NKK7" failures="0" tests="1" name="flipkart.testcases.loginTest" time="96.851" errors="0" timestamp="2022-12-30T15:06:14 IST" skipped="0">
  <testcase classname="flipkart.testcases.loginTest" name="login" time="96.851"/>
  <system-out/>
</testsuite> <!-- flipkart.testcases.loginTest -->
