<?xml version="1.0" encoding="UTF-8"?>
<!-- Generated by org.testng.reporters.JUnitReportReporter -->
<testsuite hostname="IN-PG02NKK7" failures="0" tests="1" name="flipkart.testcases.pressBtn_Special__ExploreMap_Test" time="13.768" errors="0" timestamp="2023-01-09T13:52:40 IST" skipped="0">
  <testcase classname="flipkart.testcases.pressBtn_Special__ExploreMap_Test" name="pressBtn_ExploreMap" time="13.768"/>
  <system-out/>
</testsuite> <!-- flipkart.testcases.pressBtn_Special__ExploreMap_Test -->
