<?xml version="1.0" encoding="UTF-8"?>
<!-- Generated by org.testng.reporters.JUnitReportReporter -->
<testsuite hostname="IN-PG02NKK7" failures="0" tests="1" name="flipkart.testcases.seller_feeStructure_Test" time="11.920" errors="0" timestamp="2023-01-05T19:38:27 IST" skipped="0">
  <testcase classname="flipkart.testcases.seller_feeStructure_Test" name="sellerFeeStructure" time="11.920"/>
  <system-out/>
</testsuite> <!-- flipkart.testcases.seller_feeStructure_Test -->
