<?xml version="1.0" encoding="UTF-8"?>
<!-- Generated by org.testng.reporters.JUnitReportReporter -->
<testsuite hostname="IN-PG02NKK7" failures="0" tests="1" name="flipkart.testcases.flipKartPlus__Test" time="8.391" errors="0" timestamp="2023-01-09T13:52:40 IST" skipped="0">
  <testcase classname="flipkart.testcases.flipKartPlus__Test" name="flipkartPlus_Page" time="8.391"/>
  <system-out/>
</testsuite> <!-- flipkart.testcases.flipKartPlus__Test -->
