<?xml version="1.0" encoding="UTF-8"?>
<!-- Generated by org.testng.reporters.JUnitReportReporter -->
<testsuite hostname="IN-PG02NKK7" failures="0" tests="1" name="flipkart.testcases.giftCard_Test" time="6.345" errors="0" timestamp="2023-01-05T19:38:27 IST" skipped="0">
  <testcase classname="flipkart.testcases.giftCard_Test" name="giftcard" time="6.345"/>
  <system-out/>
</testsuite> <!-- flipkart.testcases.giftCard_Test -->
