<?xml version="1.0" encoding="UTF-8"?>
<!-- Generated by org.testng.reporters.JUnitReportReporter -->
<testsuite hostname="IN-PG02NKK7" failures="0" tests="1" name="flipkart.testcases.flipkartLogin_Test" time="1.077" errors="0" timestamp="2023-01-09T13:52:40 IST" skipped="0">
  <testcase classname="flipkart.testcases.flipkartLogin_Test" name="loginFunction" time="1.077"/>
  <system-out/>
</testsuite> <!-- flipkart.testcases.flipkartLogin_Test -->
