<?xml version="1.0" encoding="UTF-8"?>
<!-- Generated by org.testng.reporters.JUnitReportReporter -->
<testsuite hostname="IN-PG02NKK7" failures="0" tests="1" name="flipkart.testcases.mobileTab_Test" time="9.882" errors="0" timestamp="2023-01-05T19:38:27 IST" skipped="0">
  <testcase classname="flipkart.testcases.mobileTab_Test" name="mobiletab" time="9.882"/>
  <system-out/>
</testsuite> <!-- flipkart.testcases.mobileTab_Test -->
